{
  "stats": {
    "suites": 1,
    "tests": 2,
    "passes": 2,
    "pending": 0,
    "failures": 0,
    "start": "2022-11-16T17:45:22.198Z",
    "end": "2022-11-16T17:45:24.911Z",
    "duration": 2713,
    "testsRegistered": 2,
    "passPercent": 100,
    "pendingPercent": 0,
    "other": 0,
    "hasOther": false,
    "skipped": 0,
    "hasSkipped": false
  },
  "results": [
    {
      "uuid": "7ebaef3b-ad68-43ae-9229-238812c8cccc",
      "title": "",
      "fullFile": "cypress\\integration\\features\\login.feature",
      "file": "cypress\\integration\\features\\login.feature",
      "beforeHooks": [],
      "afterHooks": [],
      "tests": [],
      "suites": [
        {
          "uuid": "9a53f8c9-01d1-4abb-849b-d60fd7b40aa5",
          "title": "login feature",
          "fullFile": "",
          "file": "",
          "beforeHooks": [],
          "afterHooks": [],
          "tests": [
            {
              "title": "check the loign functionality (example #1)",
              "fullTitle": "login feature check the loign functionality (example #1)",
              "timedOut": null,
              "duration": 1660,
              "state": "passed",
              "speed": "fast",
              "pass": true,
              "fail": false,
              "pending": false,
              "context": null,
              "code": "const state = window.testState;\nreturn cy\n  .then(() => state.onStartScenario(scenario, indexedSteps))\n  .then(() =>\n    resolveAndRunBeforeHooks.call(this, scenario.tags, state.feature.name)\n  )\n  .then(() =>\n    indexedSteps.forEach((step) =>\n      stepTest.call(this, state, step, rowData)\n    )\n  )\n  .then(() => state.onFinishScenario(scenario));",
              "err": {},
              "uuid": "943930a5-a190-4bd1-a0e5-48cf542b3550",
              "parentUUID": "9a53f8c9-01d1-4abb-849b-d60fd7b40aa5",
              "isHook": false,
              "skipped": false
            },
            {
              "title": "check the loign functionality (example #2)",
              "fullTitle": "login feature check the loign functionality (example #2)",
              "timedOut": null,
              "duration": 989,
              "state": "passed",
              "speed": "fast",
              "pass": true,
              "fail": false,
              "pending": false,
              "context": null,
              "code": "const state = window.testState;\nreturn cy\n  .then(() => state.onStartScenario(scenario, indexedSteps))\n  .then(() =>\n    resolveAndRunBeforeHooks.call(this, scenario.tags, state.feature.name)\n  )\n  .then(() =>\n    indexedSteps.forEach((step) =>\n      stepTest.call(this, state, step, rowData)\n    )\n  )\n  .then(() => state.onFinishScenario(scenario));",
              "err": {},
              "uuid": "4eca5713-880e-4566-a19c-2300058dd052",
              "parentUUID": "9a53f8c9-01d1-4abb-849b-d60fd7b40aa5",
              "isHook": false,
              "skipped": false
            }
          ],
          "suites": [],
          "passes": [
            "943930a5-a190-4bd1-a0e5-48cf542b3550",
            "4eca5713-880e-4566-a19c-2300058dd052"
          ],
          "failures": [],
          "pending": [],
          "skipped": [],
          "duration": 2649,
          "root": false,
          "rootEmpty": false,
          "_timeout": 2000
        }
      ],
      "passes": [],
      "failures": [],
      "pending": [],
      "skipped": [],
      "duration": 0,
      "root": true,
      "rootEmpty": true,
      "_timeout": 2000
    }
  ],
  "meta": {
    "mocha": {
      "version": "7.0.1"
    },
    "mochawesome": {
      "options": {
        "quiet": false,
        "reportFilename": "mochawesome",
        "saveHtml": false,
        "saveJson": true,
        "consoleReporter": "spec",
        "useInlineDiffs": false,
        "code": true
      },
      "version": "7.1.3"
    },
    "marge": {
      "options": {
        "reportDir": "cypress\\report\\.jsons",
        "charts": true,
        "embeddedScreenshots": true,
        "reportPageTitle": "custom-title",
        "inlineAssets": true,
        "saveAllAttempts": false,
        "overwrite": false,
        "html": false,
        "json": true
      },
      "version": "6.2.0"
    }
  }
}