{
  "stats": {
    "suites": 1,
    "tests": 1,
    "passes": 1,
    "pending": 0,
    "failures": 0,
    "start": "2023-01-17T15:21:40.262Z",
    "end": "2023-01-17T15:21:41.031Z",
    "duration": 769,
    "testsRegistered": 1,
    "passPercent": 100,
    "pendingPercent": 0,
    "other": 0,
    "hasOther": false,
    "skipped": 0,
    "hasSkipped": false
  },
  "results": [
    {
      "uuid": "dc4e66fc-69fe-4907-b05d-c34db2664ebf",
      "title": "",
      "fullFile": "cypress\\integration\\steps\\_VOIS_api.spec.js",
      "file": "cypress\\integration\\steps\\_VOIS_api.spec.js",
      "beforeHooks": [],
      "afterHooks": [],
      "tests": [],
      "suites": [
        {
          "uuid": "58890b80-f613-47b3-89b8-0b44b1ba6f3c",
          "title": "api test extract comments",
          "fullFile": "",
          "file": "",
          "beforeHooks": [],
          "afterHooks": [],
          "tests": [
            {
              "title": "todos requests",
              "fullTitle": "api test extract comments todos requests",
              "timedOut": null,
              "duration": 517,
              "state": "passed",
              "speed": "fast",
              "pass": true,
              "fail": false,
              "pending": false,
              "context": null,
              "code": "cy.api({\n  method: \"GET\",\n  url: baseURL + 'todos'\n}).then(res => {\n  if (res.body.completed == false) {\n    cy.exec(\"echo\" + \" \" + res.body.userId);\n    cy.log(res.body.userId);\n  }\n});",
              "err": {},
              "uuid": "03631cb2-0116-4d56-8e5b-a23343d6ef28",
              "parentUUID": "58890b80-f613-47b3-89b8-0b44b1ba6f3c",
              "isHook": false,
              "skipped": false
            }
          ],
          "suites": [],
          "passes": [
            "03631cb2-0116-4d56-8e5b-a23343d6ef28"
          ],
          "failures": [],
          "pending": [],
          "skipped": [],
          "duration": 517,
          "root": false,
          "rootEmpty": false,
          "_timeout": 2000
        }
      ],
      "passes": [],
      "failures": [],
      "pending": [],
      "skipped": [],
      "duration": 0,
      "root": true,
      "rootEmpty": true,
      "_timeout": 2000
    }
  ],
  "meta": {
    "mocha": {
      "version": "7.0.1"
    },
    "mochawesome": {
      "options": {
        "quiet": false,
        "reportFilename": "mochawesome",
        "saveHtml": false,
        "saveJson": true,
        "consoleReporter": "spec",
        "useInlineDiffs": false,
        "code": true
      },
      "version": "7.1.3"
    },
    "marge": {
      "options": {
        "reportDir": "cypress\\report\\.jsons",
        "reportFileName": "report",
        "charts": true,
        "embeddedScreenshots": true,
        "reportPageTitle": "custom-title",
        "inlineAssets": true,
        "saveAllAttempts": false,
        "HTMLAllCollection": true,
        "JSON": false,
        "overwrite": false,
        "html": false,
        "json": true
      },
      "version": "6.2.0"
    }
  }
}