{
  "stats": {
    "suites": 1,
    "tests": 1,
    "passes": 1,
    "pending": 0,
    "failures": 0,
    "start": "2022-12-13T15:25:37.235Z",
    "end": "2022-12-13T15:25:39.879Z",
    "duration": 2644,
    "testsRegistered": 1,
    "passPercent": 100,
    "pendingPercent": 0,
    "other": 0,
    "hasOther": false,
    "skipped": 0,
    "hasSkipped": false
  },
  "results": [
    {
      "uuid": "6767b8e6-42de-4ec0-8253-6290145509f9",
      "title": "",
      "fullFile": "cypress\\integration\\tests\\api-test-plugin.js",
      "file": "cypress\\integration\\tests\\api-test-plugin.js",
      "beforeHooks": [],
      "afterHooks": [],
      "tests": [],
      "suites": [
        {
          "uuid": "11943297-39c4-4c88-9626-cda419f728ae",
          "title": "API tests",
          "fullFile": "",
          "file": "",
          "beforeHooks": [],
          "afterHooks": [],
          "tests": [
            {
              "title": "get an order",
              "fullTitle": "API tests get an order",
              "timedOut": null,
              "duration": 2621,
              "state": "passed",
              "speed": "fast",
              "pass": true,
              "fail": false,
              "pending": false,
              "context": null,
              "code": "cy.api({\n  url: baseURL + Get_orders,\n  method: 'GET',\n  headers: {\n    'Authorization': `Bearer ${this.accessToken}`\n  }\n}).then(response => {\n  cy.log(response.isOkStatusCode);\n  expect(response.isOkStatusCode).to.be.true;\n});",
              "err": {},
              "uuid": "c8223a3d-5520-4d5e-b5d8-4fb06bd9ff4a",
              "parentUUID": "11943297-39c4-4c88-9626-cda419f728ae",
              "isHook": false,
              "skipped": false
            }
          ],
          "suites": [],
          "passes": [
            "c8223a3d-5520-4d5e-b5d8-4fb06bd9ff4a"
          ],
          "failures": [],
          "pending": [],
          "skipped": [],
          "duration": 2621,
          "root": false,
          "rootEmpty": false,
          "_timeout": 2000
        }
      ],
      "passes": [],
      "failures": [],
      "pending": [],
      "skipped": [],
      "duration": 0,
      "root": true,
      "rootEmpty": true,
      "_timeout": 2000
    }
  ],
  "meta": {
    "mocha": {
      "version": "7.0.1"
    },
    "mochawesome": {
      "options": {
        "quiet": false,
        "reportFilename": "mochawesome",
        "saveHtml": false,
        "saveJson": true,
        "consoleReporter": "spec",
        "useInlineDiffs": false,
        "code": true
      },
      "version": "7.1.3"
    },
    "marge": {
      "options": {
        "reportDir": "cypress\\report\\.jsons",
        "charts": true,
        "embeddedScreenshots": true,
        "reportPageTitle": "custom-title",
        "inlineAssets": true,
        "saveAllAttempts": false,
        "overwrite": false,
        "html": false,
        "json": true
      },
      "version": "6.2.0"
    }
  }
}