{
  "stats": {
    "suites": 1,
    "tests": 1,
    "passes": 0,
    "pending": 0,
    "failures": 1,
    "start": "2022-12-13T15:25:43.803Z",
    "end": "2022-12-13T15:25:44.250Z",
    "duration": 447,
    "testsRegistered": 1,
    "passPercent": 0,
    "pendingPercent": 0,
    "other": 1,
    "hasOther": true,
    "skipped": 0,
    "hasSkipped": false
  },
  "results": [
    {
      "uuid": "7243b1fc-13d1-443e-919e-4fd630bc54d5",
      "title": "",
      "fullFile": "cypress\\integration\\tests\\data-driven.spec.js",
      "file": "cypress\\integration\\tests\\data-driven.spec.js",
      "beforeHooks": [],
      "afterHooks": [],
      "tests": [],
      "suites": [
        {
          "uuid": "5bdbf84e-1e2f-4d68-baeb-f825927d7a07",
          "title": "data-driven tests",
          "fullFile": "",
          "file": "",
          "beforeHooks": [],
          "afterHooks": [],
          "tests": [
            {
              "title": "test using json file",
              "fullTitle": "data-driven tests test using json file",
              "timedOut": null,
              "duration": 108,
              "state": "failed",
              "speed": null,
              "pass": false,
              "fail": true,
              "pending": false,
              "context": "{\n  \"title\": \"cypress-mochawesome-reporter-screenshots\",\n  \"value\": [\n    [\n      {\n        \"title\": \"Failed screenshot\",\n        \"value\": \"\\\\cypress\\\\integration\\\\tests\\\\data-driven.spec.js\\\\data-driven tests -- test using json file -- before each hook launch url (failed).png\"\n      },\n      {\n        \"title\": \"Failed screenshot\",\n        \"value\": \"\\\\cypress\\\\integration\\\\tests\\\\data-driven.spec.js\\\\data-driven tests -- test using json file -- after each hook quit session (failed).png\"\n      }\n    ]\n  ]\n}",
              "code": "cy.fixture('data-driven.json').each(data => {\n  LoginPage.setUsername(data.username).setPassword(data.password);\n});",
              "err": {
                "message": "CypressError: `cy.visit()` failed trying to load:\n\n/\n\nWe failed looking for this file at the path:\n\n/Cypress-framework/\n\nThe internal Cypress web server responded with:\n\n  > 404: Not Found\n\nBecause this error occurred during a `after each` hook we are skipping the remaining tests in the current suite: `data-driven tests`",
                "estack": "CypressError: `cy.visit()` failed trying to load:\n\n/\n\nWe failed looking for this file at the path:\n\n/Cypress-framework/\n\nThe internal Cypress web server responded with:\n\n  > 404: Not Found\n\nBecause this error occurred during a `after each` hook we are skipping the remaining tests in the current suite: `data-driven tests`\n    at <unknown> (http://localhost:65052/__cypress/runner/cypress_runner.js:142381:84)\n    at visitFailedByErr (http://localhost:65052/__cypress/runner/cypress_runner.js:141686:12)\n    at <unknown> (http://localhost:65052/__cypress/runner/cypress_runner.js:142361:13)\n    at tryCatcher (http://localhost:65052/__cypress/runner/cypress_runner.js:11327:23)\n    at Promise._settlePromiseFromHandler (http://localhost:65052/__cypress/runner/cypress_runner.js:9262:31)\n    at Promise._settlePromise (http://localhost:65052/__cypress/runner/cypress_runner.js:9319:18)\n    at Promise._settlePromise0 (http://localhost:65052/__cypress/runner/cypress_runner.js:9364:10)\n    at Promise._settlePromises (http://localhost:65052/__cypress/runner/cypress_runner.js:9440:18)\n    at _drainQueueStep (http://localhost:65052/__cypress/runner/cypress_runner.js:6034:12)\n    at _drainQueue (http://localhost:65052/__cypress/runner/cypress_runner.js:6027:9)\n    at ../../node_modules/bluebird/js/release/async.js.Async._drainQueues (http://localhost:65052/__cypress/runner/cypress_runner.js:6043:5)\n    at Async.drainQueues (http://localhost:65052/__cypress/runner/cypress_runner.js:5913:14)\nFrom Your Spec Code:\n    at Context.eval (webpack:///./cypress/integration/tests/data-driven.spec.js:18:11)",
                "diff": null
              },
              "uuid": "4b3e8c31-c373-4d27-8635-cadf2fc4a55e",
              "parentUUID": "5bdbf84e-1e2f-4d68-baeb-f825927d7a07",
              "isHook": false,
              "skipped": false
            }
          ],
          "suites": [],
          "passes": [],
          "failures": [
            "4b3e8c31-c373-4d27-8635-cadf2fc4a55e"
          ],
          "pending": [],
          "skipped": [],
          "duration": 108,
          "root": false,
          "rootEmpty": false,
          "_timeout": 2000
        }
      ],
      "passes": [],
      "failures": [],
      "pending": [],
      "skipped": [],
      "duration": 0,
      "root": true,
      "rootEmpty": true,
      "_timeout": 2000
    }
  ],
  "meta": {
    "mocha": {
      "version": "7.0.1"
    },
    "mochawesome": {
      "options": {
        "quiet": false,
        "reportFilename": "mochawesome",
        "saveHtml": false,
        "saveJson": true,
        "consoleReporter": "spec",
        "useInlineDiffs": false,
        "code": true
      },
      "version": "7.1.3"
    },
    "marge": {
      "options": {
        "reportDir": "cypress\\report\\.jsons",
        "charts": true,
        "embeddedScreenshots": true,
        "reportPageTitle": "custom-title",
        "inlineAssets": true,
        "saveAllAttempts": false,
        "overwrite": false,
        "html": false,
        "json": true
      },
      "version": "6.2.0"
    }
  }
}