{
  "stats": {
    "suites": 1,
    "tests": 1,
    "passes": 1,
    "pending": 0,
    "failures": 0,
    "start": "2023-01-17T15:02:32.178Z",
    "end": "2023-01-17T15:02:33.580Z",
    "duration": 1402,
    "testsRegistered": 1,
    "passPercent": 100,
    "pendingPercent": 0,
    "other": 0,
    "hasOther": false,
    "skipped": 0,
    "hasSkipped": false
  },
  "results": [
    {
      "uuid": "0923f77a-7f40-430d-b489-41fa90c1302f",
      "title": "",
      "fullFile": "cypress\\integration\\steps\\_VOIS_api.spec.js",
      "file": "cypress\\integration\\steps\\_VOIS_api.spec.js",
      "beforeHooks": [],
      "afterHooks": [],
      "tests": [],
      "suites": [
        {
          "uuid": "b90ccf2d-3d50-4191-b410-31c2f0618cfb",
          "title": "api test extract comments",
          "fullFile": "",
          "file": "",
          "beforeHooks": [],
          "afterHooks": [],
          "tests": [
            {
              "title": "todos requests",
              "fullTitle": "api test extract comments todos requests",
              "timedOut": null,
              "duration": 1062,
              "state": "passed",
              "speed": "fast",
              "pass": true,
              "fail": false,
              "pending": false,
              "context": null,
              "code": "cy.api({\n  method: \"GET\",\n  url: baseURL + 'todos'\n}).then(res => {\n  if (res.body.completed == false) {\n    cy.log(res.body.userId);\n  }\n});",
              "err": {},
              "uuid": "73030d07-cce6-4349-8b84-10e285546213",
              "parentUUID": "b90ccf2d-3d50-4191-b410-31c2f0618cfb",
              "isHook": false,
              "skipped": false
            }
          ],
          "suites": [],
          "passes": [
            "73030d07-cce6-4349-8b84-10e285546213"
          ],
          "failures": [],
          "pending": [],
          "skipped": [],
          "duration": 1062,
          "root": false,
          "rootEmpty": false,
          "_timeout": 2000
        }
      ],
      "passes": [],
      "failures": [],
      "pending": [],
      "skipped": [],
      "duration": 0,
      "root": true,
      "rootEmpty": true,
      "_timeout": 2000
    }
  ],
  "meta": {
    "mocha": {
      "version": "7.0.1"
    },
    "mochawesome": {
      "options": {
        "quiet": false,
        "reportFilename": "mochawesome",
        "saveHtml": false,
        "saveJson": true,
        "consoleReporter": "spec",
        "useInlineDiffs": false,
        "code": true
      },
      "version": "7.1.3"
    },
    "marge": {
      "options": {
        "reportDir": "cypress\\report\\.jsons",
        "reportFileName": "report",
        "charts": true,
        "embeddedScreenshots": true,
        "reportPageTitle": "custom-title",
        "inlineAssets": true,
        "saveAllAttempts": false,
        "HTMLAllCollection": true,
        "JSON": false,
        "overwrite": false,
        "html": false,
        "json": true
      },
      "version": "6.2.0"
    }
  }
}